<?xml version="1.0" encoding="UTF-8"?>
<testng-results ignored="0" total="6" passed="5" failed="1" skipped="0">
  <reporter-output>
  </reporter-output>
  <suite started-at="2024-10-13T00:36:16 IST" name="MasterSuite" finished-at="2024-10-13T00:36:48 IST" duration-ms="32400">
    <groups>
    </groups>
    <test started-at="2024-10-13T00:36:16 IST" name="ChromeTest" finished-at="2024-10-13T00:36:32 IST" duration-ms="15858">
      <class name="endToendAutomation.OrangeHRM">
        <test-method is-config="true" signature="setup(java.lang.String,java.lang.String)[pri:0, instance:endToendAutomation.OrangeHRM@294a6b8e]" started-at="2024-10-13T00:36:16 IST" name="setup" finished-at="2024-10-13T00:36:31 IST" duration-ms="14969" status="PASS">
          <params>
            <param index="0">
              <value>
                <![CDATA[windows]]>
              </value>
            </param>
            <param index="1">
              <value>
                <![CDATA[chrome]]>
              </value>
            </param>
          </params>
          <reporter-output>
          </reporter-output>
        </test-method> <!-- setup -->
        <test-method signature="TC_01_testLogo()[pri:1, instance:endToendAutomation.OrangeHRM@294a6b8e]" started-at="2024-10-13T00:36:31 IST" name="TC_01_testLogo" finished-at="2024-10-13T00:36:31 IST" duration-ms="153" status="PASS">
          <reporter-output>
          </reporter-output>
        </test-method> <!-- TC_01_testLogo -->
        <test-method signature="TC_02_testAppUrl()[pri:2, instance:endToendAutomation.OrangeHRM@294a6b8e]" started-at="2024-10-13T00:36:31 IST" name="TC_02_testAppUrl" finished-at="2024-10-13T00:36:31 IST" duration-ms="53" status="PASS">
          <reporter-output>
          </reporter-output>
        </test-method> <!-- TC_02_testAppUrl -->
        <test-method signature="TC_03_testHomePageTitle()[pri:3, instance:endToendAutomation.OrangeHRM@294a6b8e]" started-at="2024-10-13T00:36:31 IST" name="TC_03_testHomePageTitle" finished-at="2024-10-13T00:36:31 IST" duration-ms="49" status="PASS">
          <reporter-output>
          </reporter-output>
        </test-method> <!-- TC_03_testHomePageTitle -->
        <test-method is-config="true" signature="tearDown()[pri:0, instance:endToendAutomation.OrangeHRM@294a6b8e]" started-at="2024-10-13T00:36:31 IST" name="tearDown" finished-at="2024-10-13T00:36:32 IST" duration-ms="275" status="PASS">
          <reporter-output>
          </reporter-output>
        </test-method> <!-- tearDown -->
      </class> <!-- endToendAutomation.OrangeHRM -->
    </test> <!-- ChromeTest -->
    <test started-at="2024-10-13T00:36:16 IST" name="EdgeTest" finished-at="2024-10-13T00:36:48 IST" duration-ms="32399">
      <class name="endToendAutomation.OrangeHRM">
        <test-method is-config="true" signature="setup(java.lang.String,java.lang.String)[pri:0, instance:endToendAutomation.OrangeHRM@79c7532f]" started-at="2024-10-13T00:36:16 IST" name="setup" finished-at="2024-10-13T00:36:46 IST" duration-ms="30201" status="PASS">
          <params>
            <param index="0">
              <value>
                <![CDATA[windows]]>
              </value>
            </param>
            <param index="1">
              <value>
                <![CDATA[edge]]>
              </value>
            </param>
          </params>
          <reporter-output>
          </reporter-output>
        </test-method> <!-- setup -->
        <test-method signature="TC_01_testLogo()[pri:1, instance:endToendAutomation.OrangeHRM@79c7532f]" started-at="2024-10-13T00:36:46 IST" name="TC_01_testLogo" finished-at="2024-10-13T00:36:46 IST" duration-ms="162" status="FAIL">
          <exception class="java.lang.AssertionError">
            <message>
              <![CDATA[expected [true] but found [false]]]>
            </message>
            <full-stacktrace>
              <![CDATA[java.lang.AssertionError: expected [true] but found [false]
at org.testng.Assert.fail(Assert.java:111)
at org.testng.Assert.failNotEquals(Assert.java:1578)
at org.testng.Assert.assertEqualsImpl(Assert.java:150)
at org.testng.Assert.assertEquals(Assert.java:132)
at org.testng.Assert.assertEquals(Assert.java:1067)
at org.testng.Assert.assertEquals(Assert.java:1031)
at org.testng.Assert.assertEquals(Assert.java:1077)
at endToendAutomation.OrangeHRM.TC_01_testLogo(OrangeHRM.java:108)
at java.base/jdk.internal.reflect.DirectMethodHandleAccessor.invoke(DirectMethodHandleAccessor.java:103)
at java.base/java.lang.reflect.Method.invoke(Method.java:580)
at org.testng.internal.invokers.MethodInvocationHelper.invokeMethod(MethodInvocationHelper.java:141)
at org.testng.internal.invokers.TestInvoker.invokeMethod(TestInvoker.java:686)
at org.testng.internal.invokers.TestInvoker.invokeTestMethod(TestInvoker.java:230)
at org.testng.internal.invokers.MethodRunner.runInSequence(MethodRunner.java:63)
at org.testng.internal.invokers.TestInvoker$MethodInvocationAgent.invoke(TestInvoker.java:992)
at org.testng.internal.invokers.TestInvoker.invokeTestMethods(TestInvoker.java:203)
at org.testng.internal.invokers.TestMethodWorker.invokeTestMethods(TestMethodWorker.java:154)
at org.testng.internal.invokers.TestMethodWorker.run(TestMethodWorker.java:134)
at java.base/java.util.ArrayList.forEach(ArrayList.java:1597)
at org.testng.TestRunner.privateRun(TestRunner.java:739)
at org.testng.TestRunner.run(TestRunner.java:614)
at org.testng.SuiteRunner.runTest(SuiteRunner.java:421)
at org.testng.SuiteRunner$SuiteWorker.run(SuiteRunner.java:463)
at org.testng.internal.thread.ThreadUtil.lambda$execute$0(ThreadUtil.java:64)
at java.base/java.util.concurrent.FutureTask.run(FutureTask.java:317)
at java.base/java.util.concurrent.ThreadPoolExecutor.runWorker(ThreadPoolExecutor.java:1144)
at java.base/java.util.concurrent.ThreadPoolExecutor$Worker.run(ThreadPoolExecutor.java:642)
at java.base/java.lang.Thread.run(Thread.java:1575)
]]>
            </full-stacktrace>
          </exception> <!-- java.lang.AssertionError -->
          <reporter-output>
          </reporter-output>
        </test-method> <!-- TC_01_testLogo -->
        <test-method signature="TC_02_testAppUrl()[pri:2, instance:endToendAutomation.OrangeHRM@79c7532f]" started-at="2024-10-13T00:36:46 IST" name="TC_02_testAppUrl" finished-at="2024-10-13T00:36:47 IST" duration-ms="53" status="PASS">
          <reporter-output>
          </reporter-output>
        </test-method> <!-- TC_02_testAppUrl -->
        <test-method signature="TC_03_testHomePageTitle()[pri:3, instance:endToendAutomation.OrangeHRM@79c7532f]" started-at="2024-10-13T00:36:47 IST" name="TC_03_testHomePageTitle" finished-at="2024-10-13T00:36:47 IST" duration-ms="48" status="PASS">
          <reporter-output>
          </reporter-output>
        </test-method> <!-- TC_03_testHomePageTitle -->
        <test-method is-config="true" signature="tearDown()[pri:0, instance:endToendAutomation.OrangeHRM@79c7532f]" started-at="2024-10-13T00:36:47 IST" name="tearDown" finished-at="2024-10-13T00:36:48 IST" duration-ms="1611" status="PASS">
          <reporter-output>
          </reporter-output>
        </test-method> <!-- tearDown -->
      </class> <!-- endToendAutomation.OrangeHRM -->
    </test> <!-- EdgeTest -->
  </suite> <!-- MasterSuite -->
</testng-results>
