<?xml version="1.0" encoding="UTF-8"?>
<!-- Generated by org.testng.reporters.JUnitXMLReporter -->
<testsuite ignored="0" hostname="Shivam" failures="1" tests="3" name="EdgeTest" time="32.399" errors="0" timestamp="2024-10-13T00:36:48 IST">
  <testcase classname="endToendAutomation.OrangeHRM" name="TC_01_testLogo" time="0.162">
    <failure type="java.lang.AssertionError" message="expected [true] but found [false]">
      <![CDATA[java.lang.AssertionError: expected [true] but found [false]
at endToendAutomation.OrangeHRM.TC_01_testLogo(OrangeHRM.java:108)
at java.base/java.util.ArrayList.forEach(ArrayList.java:1597)
at java.base/java.util.concurrent.FutureTask.run(FutureTask.java:317)
at java.base/java.util.concurrent.ThreadPoolExecutor.runWorker(ThreadPoolExecutor.java:1144)
at java.base/java.util.concurrent.ThreadPoolExecutor$Worker.run(ThreadPoolExecutor.java:642)
at java.base/java.lang.Thread.run(Thread.java:1575)
... Removed 22 stack frames]]>
    </failure>
  </testcase> <!-- TC_01_testLogo -->
  <testcase classname="endToendAutomation.OrangeHRM" name="TC_02_testAppUrl" time="0.053"/>
  <testcase classname="endToendAutomation.OrangeHRM" name="TC_03_testHomePageTitle" time="0.048"/>
</testsuite> <!-- EdgeTest -->
