<?xml version="1.0" encoding="UTF-8"?>
<!-- Generated by org.testng.reporters.JUnitXMLReporter -->
<testsuite ignored="0" hostname="Shivam" failures="1" tests="3" name="Test" time="11.656" errors="0" timestamp="2024-10-13T00:08:57 IST">
  <testcase classname="endToendAutomation.OrangeHRM" name="TC_01_testLogo" time="0.667">
    <failure type="java.lang.AssertionError" message="expected [true] but found [false]">
      <![CDATA[java.lang.AssertionError: expected [true] but found [false]
at endToendAutomation.OrangeHRM.TC_01_testLogo(OrangeHRM.java:108)
at java.base/java.util.ArrayList.forEach(ArrayList.java:1597)
... Removed 32 stack frames]]>
    </failure>
  </testcase> <!-- TC_01_testLogo -->
  <testcase classname="endToendAutomation.OrangeHRM" name="TC_02_testAppUrl" time="0.039"/>
  <testcase classname="endToendAutomation.OrangeHRM" name="TC_03_testHomePageTitle" time="0.034"/>
</testsuite> <!-- Test -->
